2020-04-26 09:03:09,645 INFO =*=*=*=*=*=*=*=*=*=*=*=*=*=*=*=*=*=*=*=*=*
2020-04-26 09:03:09,645 INFO =*=*=*=*=*=.      NEW LOG      =*=*=*=*=*
2020-04-26 09:03:09,645 INFO =*=*=*=*=*=*=*=*=*=*=*=*=*=*=*=*=*=*=*=*=*
2020-04-26 09:37:57,772 INFO =*=*=*=*=*=*=*=*=*=*=*=*=*=*=*=*=*=*=*=*=*
2020-04-26 09:37:57,772 INFO =*=*=*=*=*=.      NEW LOG      =*=*=*=*=*
2020-04-26 09:37:57,772 INFO =*=*=*=*=*=*=*=*=*=*=*=*=*=*=*=*=*=*=*=*=*
2020-04-26 09:48:02,148 INFO =*=*=*=*=*=*=*=*=*=*=*=*=*=*=*=*=*=*=*=*=*
2020-04-26 09:48:02,148 INFO =*=*=*=*=*=.      NEW LOG      =*=*=*=*=*
2020-04-26 09:48:02,148 INFO =*=*=*=*=*=*=*=*=*=*=*=*=*=*=*=*=*=*=*=*=*
2020-04-26 09:50:16,623 INFO =*=*=*=*=*=*=*=*=*=*=*=*=*=*=*=*=*=*=*=*=*
2020-04-26 09:50:16,623 INFO =*=*=*=*=*=.      NEW LOG      =*=*=*=*=*
2020-04-26 09:50:16,623 INFO =*=*=*=*=*=*=*=*=*=*=*=*=*=*=*=*=*=*=*=*=*
2020-04-26 09:50:18,320 INFO BEST PLAYER VERSION: 0
2020-04-26 09:50:18,321 INFO ====================
2020-04-26 09:50:18,321 INFO EPISODE 1 OF 30
2020-04-26 09:50:18,321 INFO ====================
2020-04-26 09:50:18,321 INFO best_player plays as X
2020-04-26 09:50:18,321 INFO --------------
2020-04-26 09:50:18,322 INFO ['-', '-', '-', '-', '-', '-', '-']
2020-04-26 09:50:18,322 INFO ['-', '-', '-', '-', '-', '-', '-']
2020-04-26 09:50:18,322 INFO ['-', '-', '-', '-', '-', '-', '-']
2020-04-26 09:50:18,322 INFO ['-', '-', '-', '-', '-', '-', '-']
2020-04-26 09:50:18,322 INFO ['-', '-', '-', '-', '-', '-', '-']
2020-04-26 09:50:18,322 INFO ['-', '-', '-', '-', '-', '-', '-']
2020-04-26 09:50:18,322 INFO --------------
2020-04-26 15:20:47,125 INFO =*=*=*=*=*=*=*=*=*=*=*=*=*=*=*=*=*=*=*=*=*
2020-04-26 15:20:47,126 INFO =*=*=*=*=*=.      NEW LOG      =*=*=*=*=*
2020-04-26 15:20:47,126 INFO =*=*=*=*=*=*=*=*=*=*=*=*=*=*=*=*=*=*=*=*=*
2020-04-26 15:20:50,761 INFO BEST PLAYER VERSION: 0
2020-04-26 15:20:50,762 INFO ====================
2020-04-26 15:20:50,762 INFO EPISODE 1 OF 30
2020-04-26 15:20:50,762 INFO ====================
2020-04-26 15:20:50,763 INFO best_player plays as X
2020-04-26 15:20:50,764 INFO --------------
2020-04-26 15:20:50,764 INFO ['-', '-', '-', '-', '-', '-', '-']
2020-04-26 15:20:50,764 INFO ['-', '-', '-', '-', '-', '-', '-']
2020-04-26 15:20:50,764 INFO ['-', '-', '-', '-', '-', '-', '-']
2020-04-26 15:20:50,764 INFO ['-', '-', '-', '-', '-', '-', '-']
2020-04-26 15:20:50,765 INFO ['-', '-', '-', '-', '-', '-', '-']
2020-04-26 15:20:50,765 INFO ['-', '-', '-', '-', '-', '-', '-']
2020-04-26 15:20:50,765 INFO --------------
2020-04-26 15:34:23,163 INFO =*=*=*=*=*=*=*=*=*=*=*=*=*=*=*=*=*=*=*=*=*
2020-04-26 15:34:23,163 INFO =*=*=*=*=*=.      NEW LOG      =*=*=*=*=*
2020-04-26 15:34:23,164 INFO =*=*=*=*=*=*=*=*=*=*=*=*=*=*=*=*=*=*=*=*=*
2020-04-26 15:34:26,152 INFO BEST PLAYER VERSION: 0
2020-04-26 15:34:26,153 INFO ====================
2020-04-26 15:34:26,154 INFO EPISODE 1 OF 30
2020-04-26 15:34:26,154 INFO ====================
2020-04-26 15:34:26,155 INFO best_player plays as X
2020-04-26 15:34:26,155 INFO ['-', '-', '-', '-', '-', '-', '-']
2020-04-26 15:34:26,155 INFO ['-', '-', '-', '-', '-', '-', '-']
2020-04-26 15:34:26,155 INFO ['-', '-', '-', '-', '-', '-', '-']
2020-04-26 15:34:26,155 INFO ['-', '-', '-', '-', '-', '-', '-']
2020-04-26 15:34:26,155 INFO ['-', '-', '-', '-', '-', '-', '-']
2020-04-26 15:34:26,156 INFO ['-', '-', '-', '-', '-', '-', '-']
2020-04-26 15:34:26,156 INFO --------------
