2020-04-26 09:50:18,322 INFO ****** BUILDING NEW MCTS TREE FOR AGENT best_player ******
2020-04-26 09:50:18,322 INFO ***************************
2020-04-26 09:50:18,322 INFO ****** SIMULATION 1 ******
2020-04-26 09:50:18,322 INFO ***************************
2020-04-26 09:50:18,322 INFO ROOT NODE...000000000000000000000000000000000000000000000000000000000000000000000000000000000000
2020-04-26 09:50:18,322 INFO ['-', '-', '-', '-', '-', '-', '-']
2020-04-26 09:50:18,322 INFO ['-', '-', '-', '-', '-', '-', '-']
2020-04-26 09:50:18,322 INFO ['-', '-', '-', '-', '-', '-', '-']
2020-04-26 09:50:18,323 INFO ['-', '-', '-', '-', '-', '-', '-']
2020-04-26 09:50:18,323 INFO ['-', '-', '-', '-', '-', '-', '-']
2020-04-26 09:50:18,323 INFO ['-', '-', '-', '-', '-', '-', '-']
2020-04-26 09:50:18,323 INFO --------------
2020-04-26 09:50:18,323 INFO CURRENT PLAYER...1
2020-04-26 09:50:18,323 INFO ------MOVING TO LEAF------
2020-04-26 09:50:18,323 INFO DONE...0
2020-04-26 09:50:18,323 INFO ['-', '-', '-', '-', '-', '-', '-']
2020-04-26 09:50:18,323 INFO ['-', '-', '-', '-', '-', '-', '-']
2020-04-26 09:50:18,323 INFO ['-', '-', '-', '-', '-', '-', '-']
2020-04-26 09:50:18,323 INFO ['-', '-', '-', '-', '-', '-', '-']
2020-04-26 09:50:18,323 INFO ['-', '-', '-', '-', '-', '-', '-']
2020-04-26 09:50:18,323 INFO ['-', '-', '-', '-', '-', '-', '-']
2020-04-26 09:50:18,323 INFO --------------
2020-04-26 09:50:18,323 INFO ------EVALUATING LEAF------
2020-04-26 15:20:50,765 INFO ****** BUILDING NEW MCTS TREE FOR AGENT best_player ******
2020-04-26 15:20:50,765 INFO ***************************
2020-04-26 15:20:50,766 INFO ****** SIMULATION 1 ******
2020-04-26 15:20:50,766 INFO ***************************
2020-04-26 15:20:50,766 INFO ROOT NODE...000000000000000000000000000000000000000000000000000000000000000000000000000000000000
2020-04-26 15:20:50,766 INFO ['-', '-', '-', '-', '-', '-', '-']
2020-04-26 15:20:50,766 INFO ['-', '-', '-', '-', '-', '-', '-']
2020-04-26 15:20:50,766 INFO ['-', '-', '-', '-', '-', '-', '-']
2020-04-26 15:20:50,766 INFO ['-', '-', '-', '-', '-', '-', '-']
2020-04-26 15:20:50,767 INFO ['-', '-', '-', '-', '-', '-', '-']
2020-04-26 15:20:50,767 INFO ['-', '-', '-', '-', '-', '-', '-']
2020-04-26 15:20:50,767 INFO --------------
2020-04-26 15:20:50,767 INFO CURRENT PLAYER...1
2020-04-26 15:20:50,767 INFO ------MOVING TO LEAF------
2020-04-26 15:20:50,767 INFO DONE...0
2020-04-26 15:20:50,768 INFO ['-', '-', '-', '-', '-', '-', '-']
2020-04-26 15:20:50,768 INFO ['-', '-', '-', '-', '-', '-', '-']
2020-04-26 15:20:50,768 INFO ['-', '-', '-', '-', '-', '-', '-']
2020-04-26 15:20:50,768 INFO ['-', '-', '-', '-', '-', '-', '-']
2020-04-26 15:20:50,768 INFO ['-', '-', '-', '-', '-', '-', '-']
2020-04-26 15:20:50,769 INFO ['-', '-', '-', '-', '-', '-', '-']
2020-04-26 15:20:50,769 INFO --------------
2020-04-26 15:20:50,769 INFO ------EVALUATING LEAF------
2020-04-26 15:34:26,156 INFO ****** BUILDING NEW MCTS TREE FOR AGENT best_player ******
2020-04-26 15:34:26,157 INFO ***************************
2020-04-26 15:34:26,157 INFO ****** SIMULATION 1 ******
2020-04-26 15:34:26,157 INFO ***************************
2020-04-26 15:34:26,157 INFO ROOT NODE...000000000000000000000000000000000000000000000000000000000000000000000000000000000000
2020-04-26 15:34:26,157 INFO ['-', '-', '-', '-', '-', '-', '-']
2020-04-26 15:34:26,157 INFO ['-', '-', '-', '-', '-', '-', '-']
2020-04-26 15:34:26,158 INFO ['-', '-', '-', '-', '-', '-', '-']
2020-04-26 15:34:26,158 INFO ['-', '-', '-', '-', '-', '-', '-']
2020-04-26 15:34:26,158 INFO ['-', '-', '-', '-', '-', '-', '-']
2020-04-26 15:34:26,158 INFO ['-', '-', '-', '-', '-', '-', '-']
2020-04-26 15:34:26,158 INFO --------------
2020-04-26 15:34:26,158 INFO CURRENT PLAYER...1
2020-04-26 15:34:26,159 INFO ------MOVING TO LEAF------
2020-04-26 15:34:26,159 INFO DONE...0
2020-04-26 15:34:26,159 INFO ['-', '-', '-', '-', '-', '-', '-']
2020-04-26 15:34:26,159 INFO ['-', '-', '-', '-', '-', '-', '-']
2020-04-26 15:34:26,159 INFO ['-', '-', '-', '-', '-', '-', '-']
2020-04-26 15:34:26,159 INFO ['-', '-', '-', '-', '-', '-', '-']
2020-04-26 15:34:26,160 INFO ['-', '-', '-', '-', '-', '-', '-']
2020-04-26 15:34:26,160 INFO ['-', '-', '-', '-', '-', '-', '-']
2020-04-26 15:34:26,160 INFO --------------
2020-04-26 15:34:26,160 INFO ------EVALUATING LEAF------
